2019-02-28 10:18:58,467-root-INFO-读取浏览器成功
2019-02-28 10:18:58,467-root-INFO-读取浏览器成功
2019-02-28 10:18:58,468-root-INFO-找到URL:http://127.0.0.1/forum.php
2019-02-28 10:18:58,468-root-INFO-找到URL:http://127.0.0.1/forum.php
2019-02-28 10:19:01,832-root-INFO-浏览器为谷歌
2019-02-28 10:19:01,832-root-INFO-浏览器为谷歌
2019-02-28 10:19:06,234-root-INFO-打开浏览器http://127.0.0.1/forum.php
2019-02-28 10:19:06,234-root-INFO-打开浏览器http://127.0.0.1/forum.php
2019-02-28 10:19:07,492-root-INFO-输入内容
2019-02-28 10:19:07,492-root-INFO-输入内容
2019-02-28 10:19:07,595-root-INFO-输入内容
2019-02-28 10:19:07,595-root-INFO-输入内容
2019-02-28 10:19:15,915-root-INFO-输入内容
2019-02-28 10:19:15,915-root-INFO-输入内容
2019-02-28 10:19:16,073-root-INFO-输入内容
2019-02-28 10:19:16,073-root-INFO-输入内容
2019-02-28 10:19:21,530-root-INFO-输入内容
2019-02-28 10:19:21,530-root-INFO-输入内容
2019-02-28 10:19:27,151-root-INFO-现在关闭浏览器
2019-02-28 10:19:27,151-root-INFO-现在关闭浏览器
2019-02-28 10:19:29,549-root-INFO-读取浏览器成功
2019-02-28 10:19:29,549-root-INFO-读取浏览器成功
2019-02-28 10:19:29,549-root-INFO-找到URL:http://127.0.0.1/forum.php
2019-02-28 10:19:29,549-root-INFO-找到URL:http://127.0.0.1/forum.php
2019-02-28 10:19:32,659-root-INFO-浏览器为谷歌
2019-02-28 10:19:32,659-root-INFO-浏览器为谷歌
2019-02-28 10:19:36,607-root-INFO-打开浏览器http://127.0.0.1/forum.php
2019-02-28 10:19:36,607-root-INFO-打开浏览器http://127.0.0.1/forum.php
2019-02-28 10:19:37,869-root-INFO-输入内容
2019-02-28 10:19:37,869-root-INFO-输入内容
2019-02-28 10:19:37,974-root-INFO-输入内容
2019-02-28 10:19:37,974-root-INFO-输入内容
2019-02-28 10:20:24,139-root-INFO-输入内容
2019-02-28 10:20:24,139-root-INFO-输入内容
2019-02-28 10:20:37,560-root-INFO-输入内容
2019-02-28 10:20:37,560-root-INFO-输入内容
2019-02-28 10:20:37,654-root-INFO-输入内容
2019-02-28 10:20:37,654-root-INFO-输入内容
2019-02-28 10:20:44,062-root-INFO-输入内容
2019-02-28 10:20:44,062-root-INFO-输入内容
2019-02-28 10:20:44,228-root-INFO-输入内容
2019-02-28 10:20:44,228-root-INFO-输入内容
2019-02-28 10:20:47,668-root-INFO-输入内容
2019-02-28 10:20:47,668-root-INFO-输入内容
2019-02-28 10:20:51,227-root-INFO-现在关闭浏览器
2019-02-28 10:20:51,227-root-INFO-现在关闭浏览器
2019-02-28 10:20:53,567-root-INFO-读取浏览器成功
2019-02-28 10:20:53,567-root-INFO-读取浏览器成功
2019-02-28 10:20:53,567-root-INFO-找到URL:http://127.0.0.1/forum.php
2019-02-28 10:20:53,567-root-INFO-找到URL:http://127.0.0.1/forum.php
2019-02-28 10:20:56,667-root-INFO-浏览器为谷歌
2019-02-28 10:20:56,667-root-INFO-浏览器为谷歌
2019-02-28 10:21:00,416-root-INFO-打开浏览器http://127.0.0.1/forum.php
2019-02-28 10:21:00,416-root-INFO-打开浏览器http://127.0.0.1/forum.php
2019-02-28 10:21:01,676-root-INFO-输入内容
2019-02-28 10:21:01,676-root-INFO-输入内容
2019-02-28 10:21:01,768-root-INFO-输入内容
2019-02-28 10:21:01,768-root-INFO-输入内容
2019-02-28 10:21:07,032-root-INFO-输入内容
2019-02-28 10:21:07,032-root-INFO-输入内容
2019-02-28 10:21:25,349-root-INFO-现在关闭浏览器
2019-02-28 10:21:25,349-root-INFO-现在关闭浏览器
2019-02-28 10:21:27,671-root-INFO-读取浏览器成功
2019-02-28 10:21:27,671-root-INFO-读取浏览器成功
2019-02-28 10:21:27,671-root-INFO-找到URL:http://127.0.0.1/forum.php
2019-02-28 10:21:27,671-root-INFO-找到URL:http://127.0.0.1/forum.php
2019-02-28 10:21:31,099-root-INFO-浏览器为谷歌
2019-02-28 10:21:31,099-root-INFO-浏览器为谷歌
2019-02-28 10:21:34,643-root-INFO-打开浏览器http://127.0.0.1/forum.php
2019-02-28 10:21:34,643-root-INFO-打开浏览器http://127.0.0.1/forum.php
2019-02-28 10:21:35,907-root-INFO-输入内容
2019-02-28 10:21:35,907-root-INFO-输入内容
2019-02-28 10:21:36,006-root-INFO-输入内容
2019-02-28 10:21:36,006-root-INFO-输入内容
2019-02-28 10:21:44,392-root-INFO-输入内容
2019-02-28 10:21:44,392-root-INFO-输入内容
2019-02-28 10:21:44,536-root-INFO-输入内容
2019-02-28 10:21:44,536-root-INFO-输入内容
2019-02-28 10:21:44,695-root-INFO-输入内容
2019-02-28 10:21:44,695-root-INFO-输入内容
2019-02-28 10:22:01,431-root-INFO-现在关闭浏览器
2019-02-28 10:22:01,431-root-INFO-现在关闭浏览器
