2019-03-04 20:40:31,810-root-INFO-读取浏览器成功
2019-03-04 20:40:31,810-root-INFO-读取浏览器成功
2019-03-04 20:40:33,740-root-INFO-找到URL:http://127.0.0.1/forum.php
2019-03-04 20:40:33,740-root-INFO-找到URL:http://127.0.0.1/forum.php
2019-03-04 20:40:36,789-root-INFO-浏览器为谷歌
2019-03-04 20:40:36,789-root-INFO-浏览器为谷歌
2019-03-04 20:40:39,814-root-INFO-打开浏览器http://127.0.0.1/forum.php
2019-03-04 20:40:39,814-root-INFO-打开浏览器http://127.0.0.1/forum.php
2019-03-04 20:40:41,080-root-INFO-输入内容
2019-03-04 20:40:41,080-root-INFO-输入内容
2019-03-04 20:40:41,196-root-INFO-输入内容
2019-03-04 20:40:41,196-root-INFO-输入内容
2019-03-04 20:41:30,892-root-INFO-输入内容
2019-03-04 20:41:30,892-root-INFO-输入内容
2019-03-04 20:41:44,287-root-INFO-输入内容
2019-03-04 20:41:44,287-root-INFO-输入内容
2019-03-04 20:41:44,383-root-INFO-输入内容
2019-03-04 20:41:44,383-root-INFO-输入内容
2019-03-04 20:41:50,898-root-INFO-输入内容
2019-03-04 20:41:50,898-root-INFO-输入内容
2019-03-04 20:41:51,074-root-INFO-输入内容
2019-03-04 20:41:51,074-root-INFO-输入内容
2019-03-04 20:41:54,574-root-INFO-输入内容
2019-03-04 20:41:54,574-root-INFO-输入内容
2019-03-04 20:41:58,142-root-INFO-现在关闭浏览器
2019-03-04 20:41:58,142-root-INFO-现在关闭浏览器
2019-03-04 20:42:00,485-root-INFO-读取浏览器成功
2019-03-04 20:42:00,485-root-INFO-读取浏览器成功
2019-03-04 20:42:00,486-root-INFO-找到URL:http://127.0.0.1/forum.php
2019-03-04 20:42:00,486-root-INFO-找到URL:http://127.0.0.1/forum.php
2019-03-04 20:42:03,646-root-INFO-浏览器为谷歌
2019-03-04 20:42:03,646-root-INFO-浏览器为谷歌
2019-03-04 20:42:06,564-root-INFO-打开浏览器http://127.0.0.1/forum.php
2019-03-04 20:42:06,564-root-INFO-打开浏览器http://127.0.0.1/forum.php
2019-03-04 20:42:07,831-root-INFO-输入内容
2019-03-04 20:42:07,831-root-INFO-输入内容
2019-03-04 20:42:07,934-root-INFO-输入内容
2019-03-04 20:42:07,934-root-INFO-输入内容
2019-03-04 20:42:13,219-root-INFO-输入内容
2019-03-04 20:42:13,219-root-INFO-输入内容
2019-03-04 20:42:31,183-root-INFO-现在关闭浏览器
2019-03-04 20:42:31,183-root-INFO-现在关闭浏览器
2019-03-04 20:42:33,518-root-INFO-读取浏览器成功
2019-03-04 20:42:33,518-root-INFO-读取浏览器成功
2019-03-04 20:42:33,520-root-INFO-找到URL:http://127.0.0.1/forum.php
2019-03-04 20:42:33,520-root-INFO-找到URL:http://127.0.0.1/forum.php
2019-03-04 20:42:36,869-root-INFO-浏览器为谷歌
2019-03-04 20:42:36,869-root-INFO-浏览器为谷歌
2019-03-04 20:42:39,680-root-INFO-打开浏览器http://127.0.0.1/forum.php
2019-03-04 20:42:39,680-root-INFO-打开浏览器http://127.0.0.1/forum.php
2019-03-04 20:42:40,945-root-INFO-输入内容
2019-03-04 20:42:40,945-root-INFO-输入内容
2019-03-04 20:42:41,049-root-INFO-输入内容
2019-03-04 20:42:41,049-root-INFO-输入内容
2019-03-04 20:42:49,554-root-INFO-输入内容
2019-03-04 20:42:49,554-root-INFO-输入内容
2019-03-04 20:42:49,669-root-INFO-输入内容
2019-03-04 20:42:49,669-root-INFO-输入内容
2019-03-04 20:42:49,796-root-INFO-输入内容
2019-03-04 20:42:49,796-root-INFO-输入内容
2019-03-04 20:43:06,696-root-INFO-现在关闭浏览器
2019-03-04 20:43:06,696-root-INFO-现在关闭浏览器
2019-03-04 20:43:09,023-root-INFO-读取浏览器成功
2019-03-04 20:43:09,023-root-INFO-读取浏览器成功
2019-03-04 20:43:09,024-root-INFO-找到URL:http://127.0.0.1/forum.php
2019-03-04 20:43:09,024-root-INFO-找到URL:http://127.0.0.1/forum.php
2019-03-04 20:43:12,196-root-INFO-浏览器为谷歌
2019-03-04 20:43:12,196-root-INFO-浏览器为谷歌
2019-03-04 20:43:15,149-root-INFO-打开浏览器http://127.0.0.1/forum.php
2019-03-04 20:43:15,149-root-INFO-打开浏览器http://127.0.0.1/forum.php
2019-03-04 20:43:16,412-root-INFO-输入内容
2019-03-04 20:43:16,412-root-INFO-输入内容
2019-03-04 20:43:16,512-root-INFO-输入内容
2019-03-04 20:43:16,512-root-INFO-输入内容
2019-03-04 20:43:24,347-root-INFO-输入内容
2019-03-04 20:43:24,347-root-INFO-输入内容
2019-03-04 20:43:24,520-root-INFO-输入内容
2019-03-04 20:43:24,520-root-INFO-输入内容
2019-03-04 20:43:30,014-root-INFO-输入内容
2019-03-04 20:43:30,014-root-INFO-输入内容
2019-03-04 20:43:35,862-root-INFO-现在关闭浏览器
2019-03-04 20:43:35,862-root-INFO-现在关闭浏览器
