2019-02-27 14:50:41,142-root-INFO-读取浏览器成功
2019-02-27 14:50:41,142-root-INFO-读取浏览器成功
2019-02-27 14:50:41,142-root-INFO-找到URL:http://127.0.0.1/forum.php
2019-02-27 14:50:41,142-root-INFO-找到URL:http://127.0.0.1/forum.php
2019-02-27 14:50:44,279-root-INFO-浏览器为谷歌
2019-02-27 14:50:44,279-root-INFO-浏览器为谷歌
2019-02-27 14:50:47,928-root-INFO-打开浏览器http://127.0.0.1/forum.php
2019-02-27 14:50:47,928-root-INFO-打开浏览器http://127.0.0.1/forum.php
2019-02-27 14:50:49,192-root-INFO-输入内容
2019-02-27 14:50:49,192-root-INFO-输入内容
2019-02-27 14:50:49,292-root-INFO-输入内容
2019-02-27 14:50:49,292-root-INFO-输入内容
2019-02-27 14:51:31,462-root-INFO-输入内容
2019-02-27 14:51:31,462-root-INFO-输入内容
2019-02-27 14:51:44,816-root-INFO-输入内容
2019-02-27 14:51:44,816-root-INFO-输入内容
2019-02-27 14:51:44,905-root-INFO-输入内容
2019-02-27 14:51:44,905-root-INFO-输入内容
2019-02-27 14:51:51,319-root-INFO-输入内容
2019-02-27 14:51:51,319-root-INFO-输入内容
2019-02-27 14:51:51,501-root-INFO-输入内容
2019-02-27 14:51:51,501-root-INFO-输入内容
2019-02-27 14:51:56,377-root-INFO-输入内容
2019-02-27 14:51:56,377-root-INFO-输入内容
2019-02-27 14:51:59,930-root-INFO-现在关闭浏览器
2019-02-27 14:51:59,930-root-INFO-现在关闭浏览器
